CPU 05| <5> cpu: detected 20 cores, 1 nodes
CPU 05| <5> time: detected 2394 ticks / us
[  0.000461] CPU 06| <5> loading configuration from '/users/yilongl/caladan_1HT.config'
[  0.000488] CPU 06| <5> process pid: 47717
[  0.007522] CPU 06| <5> net: started network stack
[  0.007527] CPU 06| <5> net: using the following configuration:
[  0.007529] CPU 06| <5>   addr:	10.10.1.2
[  0.007530] CPU 06| <5>   netmask:	255.255.255.0
[  0.007531] CPU 06| <5>   gateway:	10.10.1.0
[  0.007531] CPU 06| <5>   mac:	0A:14:71:C2:70:5F
[  0.007642] CPU 05| <5> thread: created thread 0
[  0.007713] CPU 05| <5> spawning 1 kthreads
[  0.009152] CPU 01| <5> node-0: registered node-1 (10.10.1.8)
[  0.012901] CPU 01| <5> node-0: registered node-2 (10.10.1.10)
[  0.012956] CPU 01| <5> node-0: registered node-3 (10.10.1.6)
[  0.012962] CPU 01| <5> node-0: registered node-4 (10.10.1.7)
[  0.012968] CPU 01| <5> node-0: registered node-5 (10.10.1.9)
[  0.013038] CPU 01| <5> node-0: registered node-6 (10.10.1.11)
[  0.020968] CPU 01| <5> node-0: registered node-7 (10.10.1.5)
[  0.021020] CPU 01| <5> node-0: registered node-8 (10.10.1.4)
[  1.005011] CPU 01| <5> node-0: registered node-9 (10.10.1.3)
[  1.069790] CPU 01| <5> Command: gen_workload --avg-msg-size 50000 --data-dist zipf 0.60 --log
[  1.187237] CPU 01| <5> shuffle matrix:
[  1.187242] CPU 01| <5>  Rank:     0     1     2     3     4     5     6     7     8     9   M/m
[  1.187250] CPU 01| <5>      0  1.00  1.01  0.99  1.02  0.99  1.02  0.99  1.00  0.99  0.99  1.03
[  1.187254] CPU 01| <5>      1  0.99  0.99  1.01  1.00  1.01  0.98  1.00  1.02  1.00  1.02  1.04
[  1.187258] CPU 01| <5>      2  1.00  0.99  1.01  0.98  1.00  1.03  1.02  0.99  0.99  0.99  1.05
[  1.187261] CPU 01| <5>      3  0.99  1.01  0.98  1.00  0.99  1.00  1.01  1.00  1.01  1.02  1.04
[  1.187264] CPU 01| <5>      4  0.99  1.00  1.01  1.01  1.01  0.99  0.99  1.00  1.01  0.98  1.03
[  1.187268] CPU 01| <5>      5  1.00  1.01  0.98  1.01  1.01  1.00  0.98  1.00  1.01  0.99  1.04
[  1.187271] CPU 01| <5>      6  1.01  1.01  1.00  0.99  1.00  1.00  0.99  1.01  0.98  1.00  1.03
[  1.187275] CPU 01| <5>      7  1.01  0.99  1.01  0.99  1.03  0.99  1.01  0.98  1.00  0.98  1.05
[  1.187278] CPU 01| <5>      8  1.00  1.00  0.98  0.98  1.00  1.00  1.01  1.01  0.99  1.02  1.04
[  1.187281] CPU 01| <5>      9  1.01  0.98  1.02  1.02  0.97  0.99  0.99  1.00  1.02  1.00  1.06
[  1.187284] CPU 01| <5>    M/m  1.03  1.03  1.04  1.04  1.06  1.05  1.04  1.04  1.03  1.04
[  1.187285] CPU 01| <5> total TX bytes 499999, total RX bytes 499999, avg. message size 50000
[  1.187295] CPU 01| <5>              Rank:     0     1     2     3     4     5     6     7     8     9 Max/Min
[  1.187296] CPU 01| <5> Outbound messages:  1.00  1.01  0.99  1.02  0.99  1.02  0.99  1.00  0.99  0.99    1.03
[  1.187296] CPU 01| <5>  Inbound messages:  1.00  0.99  1.00  0.99  0.99  1.00  1.01  1.01  1.00  1.01    1.03
[  1.270337] CPU 01| <5> Command: gen_workload --avg-msg-size 50000 --data-dist zipf 0.80 --log
[  1.387304] CPU 01| <5> shuffle matrix:
[  1.387308] CPU 01| <5>  Rank:     0     1     2     3     4     5     6     7     8     9   M/m
[  1.387314] CPU 01| <5>      0  1.00  1.01  0.99  1.02  0.99  1.02  0.99  1.00  0.96  1.01  1.06
[  1.387318] CPU 01| <5>      1  0.99  0.99  1.01  1.00  1.01  0.98  1.00  1.02  0.97  1.04  1.07
[  1.387321] CPU 01| <5>      2  0.99  0.99  1.01  0.98  1.00  1.03  1.02  0.99  0.96  1.02  1.07
[  1.387325] CPU 01| <5>      3  0.99  1.01  0.98  1.00  0.99  1.00  1.01  1.00  0.99  1.04  1.06
[  1.387328] CPU 01| <5>      4  0.99  1.00  1.01  1.01  1.00  0.99  1.00  1.00  1.03  0.96  1.07
[  1.387332] CPU 01| <5>      5  1.01  1.01  0.98  1.00  1.02  1.00  0.98  1.00  1.02  0.98  1.04
[  1.387335] CPU 01| <5>      6  1.01  1.01  1.00  0.99  1.00  1.00  0.99  1.00  1.00  0.99  1.03
[  1.387338] CPU 01| <5>      7  1.01  1.00  1.01  0.99  1.03  0.99  1.01  0.97  1.02  0.97  1.06
[  1.387342] CPU 01| <5>      8  1.00  1.00  0.98  0.98  1.00  1.00  1.01  1.01  1.01  1.00  1.03
[  1.387345] CPU 01| <5>      9  1.01  0.98  1.02  1.02  0.97  0.99  0.99  1.00  1.03  0.98  1.06
[  1.387421] CPU 01| <5>    M/m  1.03  1.03  1.04  1.04  1.06  1.05  1.04  1.05  1.07  1.08
[  1.387422] CPU 01| <5> total TX bytes 499999, total RX bytes 499999, avg. message size 50000
[  1.387432] CPU 01| <5>              Rank:     0     1     2     3     4     5     6     7     8     9 Max/Min
[  1.387433] CPU 01| <5> Outbound messages:  1.00  1.01  0.99  1.02  0.99  1.02  0.99  1.00  0.96  1.01    1.06
[  1.387433] CPU 01| <5>  Inbound messages:  1.00  0.99  0.99  0.99  0.99  1.01  1.01  1.01  1.00  1.01    1.03
[  1.470893] CPU 01| <5> Command: gen_workload --avg-msg-size 50000 --data-dist zipf 1.00 --log
[  1.580746] CPU 01| <5> shuffle matrix:
[  1.580750] CPU 01| <5>  Rank:     0     1     2     3     4     5     6     7     8     9   M/m
[  1.580755] CPU 01| <5>      0  1.00  1.01  0.99  1.02  0.99  1.01  0.97  0.92  0.71  1.36  1.91
[  1.580759] CPU 01| <5>      1  0.99  0.99  1.01  1.00  1.00  0.98  1.01  0.91  0.85  1.27  1.50
[  1.580762] CPU 01| <5>      2  0.99  0.99  1.01  0.98  1.01  1.02  1.04  0.88  1.17  0.91  1.34
[  1.580766] CPU 01| <5>      3  0.99  1.01  0.98  1.00  0.99  0.99  1.02  0.90  1.19  0.94  1.32
[  1.580769] CPU 01| <5>      4  0.99  1.01  1.01  1.01  1.01  0.99  1.01  1.00  1.09  0.90  1.20
[  1.580773] CPU 01| <5>      5  1.01  1.00  0.99  1.01  1.01  0.99  0.99  1.09  0.99  0.92  1.18
[  1.580776] CPU 01| <5>      6  1.01  1.01  1.00  0.99  1.00  1.01  0.99  1.09  0.98  0.93  1.17
[  1.580780] CPU 01| <5>      7  1.01  1.00  1.01  0.99  1.03  1.00  0.99  1.06  1.01  0.90  1.17
[  1.580783] CPU 01| <5>      8  1.00  1.00  0.99  0.98  1.00  1.02  1.00  1.08  1.00  0.94  1.14
[  1.580787] CPU 01| <5>      9  1.02  0.98  1.01  1.03  0.97  1.00  0.98  1.08  1.02  0.92  1.18
[  1.580790] CPU 01| <5>    M/m  1.03  1.04  1.03  1.05  1.06  1.05  1.06  1.24  1.66  1.51
[  1.580790] CPU 01| <5> total TX bytes 500000, total RX bytes 500000, avg. message size 50000
[  1.580800] CPU 01| <5>              Rank:     0     1     2     3     4     5     6     7     8     9 Max/Min
[  1.580800] CPU 01| <5> Outbound messages:  1.00  1.01  0.99  1.02  0.99  1.01  0.97  0.92  0.71  1.36    1.91
[  1.580801] CPU 01| <5>  Inbound messages:  1.00  0.99  0.99  0.99  0.99  1.01  1.01  1.01  1.00  1.02    1.03
[  1.671440] CPU 01| <5> Command: gen_workload --avg-msg-size 50000 --data-dist zipf 1.20 --log
[  1.783400] CPU 01| <5> shuffle matrix:
[  1.783405] CPU 01| <5>  Rank:     0     1     2     3     4     5     6     7     8     9   M/m
[  1.783411] CPU 01| <5>      0  1.00  1.01  0.98  1.01  0.96  0.94  0.69  1.41     0  2.00   inf
[  1.783415] CPU 01| <5>      1  0.99  1.00  1.00  0.99  1.03  0.85  0.79  1.32     0  2.04   inf
[  1.783419] CPU 01| <5>      2  0.99  0.99  1.01  0.97  1.02  0.90  1.25  0.87     0  2.00   inf
[  1.783422] CPU 01| <5>      3  0.99  1.01  0.99  0.97  1.02  0.87  1.23  0.88     0  2.04   inf
[  1.783426] CPU 01| <5>      4  0.99  1.01  1.01  0.99  1.03  0.87  1.22  0.88  0.10  1.92 18.53
[  1.783430] CPU 01| <5>      5  1.01  1.00  0.99  1.00  1.02  0.94  1.13  0.89  2.02     0   inf
[  1.783433] CPU 01| <5>      6  1.01  1.01  1.00  1.01  0.98  1.17  0.92  0.88  2.02     0   inf
[  1.783436] CPU 01| <5>      7  1.00  1.00  1.01  1.01  1.01  1.16  0.92  0.87  2.02     0   inf
[  1.783439] CPU 01| <5>      8  1.00  1.00  0.99  1.01  0.98  1.16  0.94  0.89  2.04     0   inf
[  1.783442] CPU 01| <5>      9  1.02  0.97  1.01  1.05  0.96  1.14  0.92  1.11  1.81     0   inf
[  1.783445] CPU 01| <5>    M/m  1.04  1.04  1.04  1.08  1.08  1.38  1.81  1.62   inf   inf
[  1.783446] CPU 01| <5> total TX bytes 500000, total RX bytes 500000, avg. message size 50000
[  1.783456] CPU 01| <5>              Rank:     0     1     2     3     4     5     6     7     8     9 Max/Min
[  1.783457] CPU 01| <5> Outbound messages:  1.00  1.01  0.98  1.01  0.96  0.94  0.69  1.41  0.00  2.00     inf
[  1.783457] CPU 01| <5>  Inbound messages:  1.00  0.99  0.99  0.99  0.99  1.01  1.01  1.00  1.00  1.02    1.04
[  1.871994] CPU 01| <5> Command: gen_workload --avg-msg-size 50000 --data-dist zipf 1.40 --log
[  1.986127] CPU 01| <5> shuffle matrix:
[  1.986131] CPU 01| <5>  Rank:     0     1     2     3     4     5     6     7     8     9   M/m
[  1.986136] CPU 01| <5>      0  1.00  0.99  0.94  1.06  0.81  0.71  1.26     0     0  3.23   inf
[  1.986140] CPU 01| <5>      1  0.98  1.00  0.93  1.04  0.81  0.68  1.24     0     0  3.31   inf
[  1.986143] CPU 01| <5>      2  0.99  1.00  0.93  1.04  0.80  0.72  1.28     0     0  3.24   inf
[  1.986147] CPU 01| <5>      3  0.99  1.01  0.94  1.01  0.81  0.69  1.24     0  3.09  0.22   inf
[  1.986150] CPU 01| <5>      4  0.99  1.01  1.05  0.94  0.81  0.71  1.22     0  3.27     0   inf
[  1.986153] CPU 01| <5>      5  1.01  1.00  1.03  0.94  0.82  0.88  1.04     0  3.27     0   inf
[  1.986156] CPU 01| <5>      6  1.01  1.01  1.04  0.93  0.84  1.89     0  2.90  0.37     0   inf
[  1.986159] CPU 01| <5>      7  1.01  1.00  1.05  0.93  1.54  1.24     0  3.24     0     0   inf
[  1.986162] CPU 01| <5>      8  1.00  1.00  1.02  0.93  1.50  1.26     0  3.29     0     0   inf
[  1.986165] CPU 01| <5>      9  1.02  0.98  1.06  1.19  1.24  1.22  2.72  0.57     0     0   inf
[  1.986168] CPU 01| <5>    M/m  1.04  1.04  1.13  1.29  1.92  2.77   inf   inf   inf   inf
[  1.986168] CPU 01| <5> total TX bytes 500000, total RX bytes 500000, avg. message size 50000
[  1.986178] CPU 01| <5>              Rank:     0     1     2     3     4     5     6     7     8     9 Max/Min
[  1.986178] CPU 01| <5> Outbound messages:  1.00  0.99  0.94  1.06  0.81  0.71  1.26  0.00  0.00  3.23     inf
[  1.986179] CPU 01| <5>  Inbound messages:  1.00  0.98  0.99  0.99  0.99  1.01  1.01  1.01  1.00  1.02    1.04
[  2.072592] CPU 01| <5> Command: gen_workload --avg-msg-size 50000 --data-dist zipf 1.60 --log
[  2.189222] CPU 01| <5> shuffle matrix:
[  2.189226] CPU 01| <5>  Rank:     0     1     2     3     4     5     6     7     8     9   M/m
[  2.189231] CPU 01| <5>      0  0.98  0.99  0.96  0.48  0.77  1.45     0     0     0  4.36   inf
[  2.189234] CPU 01| <5>      1  0.99  1.00  0.94  0.47  0.76  1.43     0     0     0  4.42   inf
[  2.189238] CPU 01| <5>      2  0.99  0.99  0.93  1.13  0.08  1.47     0     0  3.18  1.22   inf
[  2.189241] CPU 01| <5>      3  0.99  1.01  0.91  1.23     0  1.43     0     0  4.43     0   inf
[  2.189244] CPU 01| <5>      4  1.00  1.01  0.94  1.23  1.15  0.29     0  1.99  2.39     0   inf
[  2.189247] CPU 01| <5>      5  1.01  1.00  0.92  1.24  1.46     0     0  4.37     0     0   inf
[  2.189250] CPU 01| <5>      6  1.01  1.02  0.93  1.21  1.44     0  0.75  3.64     0     0   inf
[  2.189253] CPU 01| <5>      7  1.01  1.00  0.93  1.23  1.47     0  4.36     0     0     0   inf
[  2.189255] CPU 01| <5>      8  1.00  1.00  1.13  1.00  1.44     0  4.43     0     0     0   inf
[  2.189258] CPU 01| <5>      9  1.02  0.98  1.43  0.76  1.43  3.93  0.45     0     0     0   inf
[  2.189261] CPU 01| <5>    M/m  1.04  1.04  1.57  2.62   inf   inf   inf   inf   inf   inf
[  2.189261] CPU 01| <5> total TX bytes 500000, total RX bytes 500000, avg. message size 50000
[  2.189271] CPU 01| <5>              Rank:     0     1     2     3     4     5     6     7     8     9 Max/Min
[  2.189271] CPU 01| <5> Outbound messages:  0.98  0.99  0.96  0.48  0.77  1.45  0.00  0.00  0.00  4.36     inf
[  2.189272] CPU 01| <5>  Inbound messages:  0.98  0.99  0.99  0.99  1.00  1.01  1.01  1.01  1.00  1.02    1.04
[  2.273150] CPU 01| <5> Command: gen_workload --avg-msg-size 50000 --data-dist zipf 1.80 --log
[  2.386192] CPU 01| <5> shuffle matrix:
[  2.386196] CPU 01| <5>  Rank:     0     1     2     3     4     5     6     7     8     9   M/m
[  2.386201] CPU 01| <5>      0  0.96  1.04  0.44  0.73  1.54     0     0     0     0  5.31   inf
[  2.386204] CPU 01| <5>      1  0.99  0.98  0.43  0.74  1.53     0     0     0  0.64  4.69   inf
[  2.386208] CPU 01| <5>      2  0.99  0.97  1.14  0.04  1.50     0     0     0  5.35     0   inf
[  2.386210] CPU 01| <5>      3  0.99  0.98  1.15     0  1.51     0     0  1.35  4.01     0   inf
[  2.386213] CPU 01| <5>      4  1.00  0.98  1.17  0.87  0.66     0     0  5.31     0     0   inf
[  2.386229] CPU 01| <5>      5  1.01  0.98  1.15  1.54     0     0  1.98  3.33     0     0   inf
[  2.386232] CPU 01| <5>      6  1.01  0.99  1.17  1.51     0     0  5.32     0     0     0   inf
[  2.386234] CPU 01| <5>      7  1.01  0.98  1.17  1.53     0  2.60  2.71     0     0     0   inf
[  2.386237] CPU 01| <5>      8  1.00  0.98  1.15  1.52     0  5.36     0     0     0     0   inf
[  2.386240] CPU 01| <5>      9  1.03  1.12  1.03  1.53  3.26  2.04     0     0     0     0   inf
[  2.386242] CPU 01| <5>    M/m  1.07  1.15  2.72   inf   inf   inf   inf   inf   inf   inf
[  2.386243] CPU 01| <5> total TX bytes 500000, total RX bytes 500000, avg. message size 50000
[  2.386252] CPU 01| <5>              Rank:     0     1     2     3     4     5     6     7     8     9 Max/Min
[  2.386253] CPU 01| <5> Outbound messages:  0.96  1.04  0.44  0.73  1.54  0.00  0.00  0.00  0.00  5.31     inf
[  2.386253] CPU 01| <5>  Inbound messages:  0.96  0.99  0.99  0.99  1.00  1.01  1.01  1.01  1.00  1.03    1.07
[  2.473702] CPU 01| <5> Command: gen_workload --avg-msg-size 50000 --data-dist zipf 2.00 --log
[  2.580823] CPU 01| <5> shuffle matrix:
[  2.580828] CPU 01| <5>  Rank:     0     1     2     3     4     5     6     7     8     9   M/m
[  2.580832] CPU 01| <5>      0  0.93  0.80  0.68  1.52     0     0     0     0     0  6.07   inf
[  2.580835] CPU 01| <5>      1  0.92  0.79  0.67  1.52     0     0     0     0  2.18  3.93   inf
[  2.580838] CPU 01| <5>      2  0.92  0.78  0.68  1.51     0     0     0     0  6.11     0   inf
[  2.580841] CPU 01| <5>      3  0.92  0.80  0.66  1.50     0     0     0  4.41  1.71     0   inf
[  2.580844] CPU 01| <5>      4  0.92  0.81  0.67  1.52     0     0  0.49  5.59     0     0   inf
[  2.580847] CPU 01| <5>      5  0.98  0.82  0.61  1.50     0     0  6.09     0     0     0   inf
[  2.580850] CPU 01| <5>      6  1.10  1.31  1.51     0     0  2.65  3.42     0     0     0   inf
[  2.580852] CPU 01| <5>      7  1.11  1.31  1.49     0     0  6.10     0     0     0     0   inf
[  2.580855] CPU 01| <5>      8  1.09  1.29  1.49     0  4.87  1.25     0     0     0     0   inf
[  2.580857] CPU 01| <5>      9  1.11  1.30  1.54  0.92  5.13     0     0     0     0     0   inf
[  2.580860] CPU 01| <5>    M/m  1.21  1.68  2.54   inf   inf   inf   inf   inf   inf   inf
[  2.580860] CPU 01| <5> total TX bytes 500000, total RX bytes 500000, avg. message size 50000
[  2.580870] CPU 01| <5>              Rank:     0     1     2     3     4     5     6     7     8     9 Max/Min
[  2.580871] CPU 01| <5> Outbound messages:  0.93  0.80  0.68  1.52  0.00  0.00  0.00  0.00  0.00  6.07     inf
[  2.580871] CPU 01| <5>  Inbound messages:  0.93  0.92  0.92  0.92  0.92  0.98  1.10  1.11  1.09  1.11    1.21
[  2.674255] CPU 01| <5> Command: gen_workload --avg-msg-size 50000 --data-dist zipf 2.20 --log
[  2.779563] CPU 01| <5> shuffle matrix:
[  2.779567] CPU 01| <5>  Rank:     0     1     2     3     4     5     6     7     8     9   M/m
[  2.779572] CPU 01| <5>      0  0.91  0.93     0  1.45     0     0     0     0     0  6.71   inf
[  2.779576] CPU 01| <5>      1  0.90  0.91  0.10  1.36     0     0     0     0  3.44  3.29   inf
[  2.779578] CPU 01| <5>      2  0.90  0.91  1.47     0     0     0     0  0.16  6.56     0   inf
[  2.779581] CPU 01| <5>      3  0.90  0.92  1.44     0     0     0     0  6.74     0     0   inf
[  2.779584] CPU 01| <5>      4  0.91  0.92  1.45     0     0     0  3.62  3.10     0     0   inf
[  2.779586] CPU 01| <5>      5  0.92  0.92  1.44     0     0  0.34  6.38     0     0     0   inf
[  2.779589] CPU 01| <5>      6  0.91  0.94  1.46     0     0  6.70     0     0     0     0   inf
[  2.779592] CPU 01| <5>      7  1.18  0.65  1.46     0  3.75  2.96     0     0     0     0   inf
[  2.779594] CPU 01| <5>      8  1.23  0.83  1.20  0.50  6.25     0     0     0     0     0   inf
[  2.779597] CPU 01| <5>      9  1.23  2.08     0  6.69     0     0     0     0     0     0   inf
[  2.779599] CPU 01| <5>    M/m  1.37  3.19   inf   inf   inf   inf   inf   inf   inf   inf
[  2.779613] CPU 01| <5> total TX bytes 500000, total RX bytes 500000, avg. message size 50000
[  2.779623] CPU 01| <5>              Rank:     0     1     2     3     4     5     6     7     8     9 Max/Min
[  2.779624] CPU 01| <5> Outbound messages:  0.91  0.93  0.00  1.45  0.00  0.00  0.00  0.00  0.00  6.71     inf
[  2.779624] CPU 01| <5>  Inbound messages:  0.91  0.90  0.90  0.90  0.91  0.92  0.91  1.18  1.23  1.23    1.37
[  2.874807] CPU 01| <5> Command: gen_workload --avg-msg-size 50000 --data-dist zipf 2.40 --log
[  2.979131] CPU 01| <5> shuffle matrix:
[  2.979135] CPU 01| <5>  Rank:     0     1     2     3     4     5     6     7     8     9   M/m
[  2.979139] CPU 01| <5>      0  0.88  0.52  1.36     0     0     0     0     0     0  7.23   inf
[  2.979142] CPU 01| <5>      1  0.88  0.50  1.37     0     0     0     0     0  4.49  2.77   inf
[  2.979145] CPU 01| <5>      2  0.87  0.50  1.37     0     0     0     0  1.75  5.51     0   inf
[  2.979148] CPU 01| <5>      3  0.87  0.51  1.37     0     0     0     0  7.26     0     0   inf
[  2.979151] CPU 01| <5>      4  0.88  0.53  1.36     0     0     0  6.23  0.99     0     0   inf
[  2.979153] CPU 01| <5>      5  0.89  1.08  0.80     0     0  3.46  3.77     0     0     0   inf
[  2.979156] CPU 01| <5>      6  0.88  1.90     0     0  0.68  6.54     0     0     0     0   inf
[  2.979159] CPU 01| <5>      7  1.06  1.72     0     0  7.22     0     0     0     0     0   inf
[  2.979161] CPU 01| <5>      8  1.39  1.36     0  5.16  2.10     0     0     0     0     0   inf
[  2.979164] CPU 01| <5>      9  1.41  1.38  2.37  4.84     0     0     0     0     0     0   inf
[  2.979166] CPU 01| <5>    M/m  1.62  3.80   inf   inf   inf   inf   inf   inf   inf   inf
[  2.979166] CPU 01| <5> total TX bytes 500000, total RX bytes 500000, avg. message size 50000
[  2.979176] CPU 01| <5>              Rank:     0     1     2     3     4     5     6     7     8     9 Max/Min
[  2.979176] CPU 01| <5> Outbound messages:  0.88  0.52  1.36  0.00  0.00  0.00  0.00  0.00  0.00  7.23     inf
[  2.979177] CPU 01| <5>  Inbound messages:  0.88  0.88  0.87  0.87  0.88  0.89  0.88  1.06  1.39  1.41    1.62
[  3.075436] CPU 01| <5> Command: gen_workload --avg-msg-size 50000 --data-dist zipf 2.60 --log
[  3.175615] CPU 01| <5> shuffle matrix:
[  3.175619] CPU 01| <5>  Rank:     0     1     2     3     4     5     6     7     8     9   M/m
[  3.175624] CPU 01| <5>      0  0.63  0.44  1.27     0     0     0     0     0     0  7.65   inf
[  3.175627] CPU 01| <5>      1  0.78  0.28  1.26     0     0     0     0     0  5.34  2.35   inf
[  3.175630] CPU 01| <5>      2  1.06  0.41  0.85     0     0     0     0  3.02  4.66     0   inf
[  3.175632] CPU 01| <5>      3  1.06  1.27     0     0     0     0  0.70  6.98     0     0   inf
[  3.175635] CPU 01| <5>      4  1.08  1.27     0     0     0     0  7.66     0     0     0   inf
[  3.175637] CPU 01| <5>      5  1.09  1.27     0     0     0  6.00  1.65     0     0     0   inf
[  3.175640] CPU 01| <5>      6  1.07  1.28     0     0  3.65  4.00     0     0     0     0   inf
[  3.175642] CPU 01| <5>      7  1.08  1.27     0  1.30  6.35     0     0     0     0     0   inf
[  3.175645] CPU 01| <5>      8  1.06  1.26     0  7.68     0     0     0     0     0     0   inf
[  3.175647] CPU 01| <5>      9  1.09  1.26  6.62  1.02     0     0     0     0     0     0   inf
[  3.175649] CPU 01| <5>    M/m  1.73  4.54   inf   inf   inf   inf   inf   inf   inf   inf
[  3.175650] CPU 01| <5> total TX bytes 499999, total RX bytes 499999, avg. message size 50000
[  3.175659] CPU 01| <5>              Rank:     0     1     2     3     4     5     6     7     8     9 Max/Min
[  3.175660] CPU 01| <5> Outbound messages:  0.63  0.44  1.27  0.00  0.00  0.00  0.00  0.00  0.00  7.65     inf
[  3.175660] CPU 01| <5>  Inbound messages:  0.63  0.78  1.06  1.06  1.08  1.09  1.07  1.08  1.06  1.09    1.73
[  3.275990] CPU 01| <5> Command: gen_workload --avg-msg-size 50000 --data-dist zipf 2.80 --log
[  3.375029] CPU 01| <5> shuffle matrix:
[  3.375033] CPU 01| <5>  Rank:     0     1     2     3     4     5     6     7     8     9   M/m
[  3.375049] CPU 01| <5>      0  0.82  1.17     0     0     0     0     0     0     0  8.01   inf
[  3.375052] CPU 01| <5>      1  0.82  1.14     0     0     0     0     0     0  6.05  1.99   inf
[  3.375055] CPU 01| <5>      2  0.82  1.14     0     0     0     0     0  4.09  3.95     0   inf
[  3.375057] CPU 01| <5>      3  0.82  1.15     0     0     0     0  2.12  5.91     0     0   inf
[  3.375060] CPU 01| <5>      4  0.83  1.16     0     0     0  0.13  7.88     0     0     0   inf
[  3.375062] CPU 01| <5>      5  0.84  1.16     0     0     0  8.00     0     0     0     0   inf
[  3.375065] CPU 01| <5>      6  0.83  1.16     0     0  6.15  1.86     0     0     0     0   inf
[  3.375068] CPU 01| <5>      7  0.83  1.16     0  4.15  3.85     0     0     0     0     0   inf
[  3.375070] CPU 01| <5>      8  1.42  0.55  2.19  5.85     0     0     0     0     0     0   inf
[  3.375072] CPU 01| <5>      9  1.98  0.21  7.81     0     0     0     0     0     0     0   inf
[  3.375075] CPU 01| <5>    M/m  2.42  5.54   inf   inf   inf   inf   inf   inf   inf   inf
[  3.375075] CPU 01| <5> total TX bytes 500000, total RX bytes 500000, avg. message size 50000
[  3.375085] CPU 01| <5>              Rank:     0     1     2     3     4     5     6     7     8     9 Max/Min
[  3.375085] CPU 01| <5> Outbound messages:  0.82  1.17  0.00  0.00  0.00  0.00  0.00  0.00  0.00  8.01     inf
[  3.375086] CPU 01| <5>  Inbound messages:  0.82  0.82  0.82  0.82  0.83  0.84  0.83  0.83  1.42  1.98    2.42
[  3.376363] CPU 01| <5> Command: gen_workload --avg-msg-size 50000 --data-dist zipf 3.00 --log
[  3.471902] CPU 01| <5> shuffle matrix:
[  3.471907] CPU 01| <5>  Rank:     0     1     2     3     4     5     6     7     8     9   M/m
[  3.471911] CPU 01| <5>      0  0.64  1.05     0     0     0     0     0     0     0  8.31   inf
[  3.471914] CPU 01| <5>      1  0.63  1.03     0     0     0     0     0     0  6.65  1.69   inf
[  3.471917] CPU 01| <5>      2  0.63  1.03     0     0     0     0     0  4.99  3.35     0   inf
[  3.471919] CPU 01| <5>      3  0.63  1.03     0     0     0     0  3.33  5.01     0     0   inf
[  3.471922] CPU 01| <5>      4  0.65  1.03     0     0     0  1.64  6.67     0     0     0   inf
[  3.471924] CPU 01| <5>      5  0.64  1.06     0     0     0  8.30     0     0     0     0   inf
[  3.471927] CPU 01| <5>      6  1.15  0.53     0     0  8.25  0.07     0     0     0     0   inf
[  3.471930] CPU 01| <5>      7  1.69     0     0  6.57  1.75     0     0     0     0     0   inf
[  3.471932] CPU 01| <5>      8  1.66     0  4.91  3.43     0     0     0     0     0     0   inf
[  3.471934] CPU 01| <5>      9  1.68  3.23  5.09     0     0     0     0     0     0     0   inf
[  3.471936] CPU 01| <5>    M/m  2.68   inf   inf   inf   inf   inf   inf   inf   inf   inf
[  3.471937] CPU 01| <5> total TX bytes 500000, total RX bytes 500000, avg. message size 50000
[  3.471946] CPU 01| <5>              Rank:     0     1     2     3     4     5     6     7     8     9 Max/Min
[  3.471947] CPU 01| <5> Outbound messages:  0.64  1.05  0.00  0.00  0.00  0.00  0.00  0.00  0.00  8.31     inf
[  3.471947] CPU 01| <5>  Inbound messages:  0.64  0.63  0.63  0.63  0.65  0.64  1.15  1.69  1.66  1.68    2.68
[  3.476749] CPU 01| <5> Command: gen_workload --avg-msg-size 50000 --data-dist zipf 3.20 --log
[  3.570243] CPU 01| <5> shuffle matrix:
[  3.570247] CPU 01| <5>  Rank:     0     1     2     3     4     5     6     7     8     9   M/m
[  3.570251] CPU 01| <5>      0  0.49  0.94     0     0     0     0     0     0     0  8.57   inf
[  3.570254] CPU 01| <5>      1  0.48  0.92     0     0     0     0     0     0  7.17  1.43   inf
[  3.570257] CPU 01| <5>      2  0.50  0.91     0     0     0     0     0  5.76  2.83     0   inf
[  3.570260] CPU 01| <5>      3  0.49  0.92     0     0     0     0  4.35  4.24     0     0   inf
[  3.570262] CPU 01| <5>      4  0.89  0.55     0     0     0  2.91  5.65     0     0     0   inf
[  3.570265] CPU 01| <5>      5  1.44     0     0     0  1.47  7.09     0     0     0     0   inf
[  3.570279] CPU 01| <5>      6  1.43     0     0  0.04  8.53     0     0     0     0     0   inf
[  3.570281] CPU 01| <5>      7  1.44     0     0  8.56     0     0     0     0     0     0   inf
[  3.570284] CPU 01| <5>      8  1.42     0  7.19  1.40     0     0     0     0     0     0   inf
[  3.570286] CPU 01| <5>      9  1.43  5.75  2.81     0     0     0     0     0     0     0   inf
[  3.570288] CPU 01| <5>    M/m  3.00   inf   inf   inf   inf   inf   inf   inf   inf   inf
[  3.570289] CPU 01| <5> total TX bytes 500000, total RX bytes 500000, avg. message size 50000
[  3.570299] CPU 01| <5>              Rank:     0     1     2     3     4     5     6     7     8     9 Max/Min
[  3.570299] CPU 01| <5> Outbound messages:  0.49  0.94  0.00  0.00  0.00  0.00  0.00  0.00  0.00  8.57     inf
[  3.570300] CPU 01| <5>  Inbound messages:  0.49  0.48  0.50  0.49  0.89  1.44  1.43  1.44  1.42  1.43    3.00
[  3.577284] CPU 01| <5> Command: gen_workload --avg-msg-size 50000 --data-dist zipf 3.40 --log
[  3.667608] CPU 01| <5> shuffle matrix:
[  3.667612] CPU 01| <5>  Rank:     0     1     2     3     4     5     6     7     8     9   M/m
[  3.667616] CPU 01| <5>      0  0.38  0.84     0     0     0     0     0     0     0  8.78   inf
[  3.667619] CPU 01| <5>      1  0.37  0.82     0     0     0     0     0     0  7.59  1.22   inf
[  3.667622] CPU 01| <5>      2  0.72  0.47     0     0     0     0     0  6.40  2.41     0   inf
[  3.667625] CPU 01| <5>      3  1.19     0     0     0     0     0  5.21  3.60     0     0   inf
[  3.667627] CPU 01| <5>      4  1.23     0     0     0     0  3.97  4.79     0     0     0   inf
[  3.667629] CPU 01| <5>      5  1.23     0     0     0  2.75  6.03     0     0     0     0   inf
[  3.667632] CPU 01| <5>      6  1.22     0     0  1.53  7.25     0     0     0     0     0   inf
[  3.667634] CPU 01| <5>      7  1.22     0  0.31  8.47     0     0     0     0     0     0   inf
[  3.667636] CPU 01| <5>      8  1.21     0  8.79     0     0     0     0     0     0     0   inf
[  3.667639] CPU 01| <5>      9  1.22  7.88  0.90     0     0     0     0     0     0     0   inf
[  3.667641] CPU 01| <5>    M/m  3.32   inf   inf   inf   inf   inf   inf   inf   inf   inf
[  3.667641] CPU 01| <5> total TX bytes 500000, total RX bytes 500000, avg. message size 50000
[  3.667651] CPU 01| <5>              Rank:     0     1     2     3     4     5     6     7     8     9 Max/Min
[  3.667652] CPU 01| <5> Outbound messages:  0.38  0.84  0.00  0.00  0.00  0.00  0.00  0.00  0.00  8.78     inf
[  3.667652] CPU 01| <5>  Inbound messages:  0.38  0.37  0.72  1.19  1.23  1.23  1.22  1.22  1.21  1.22    3.32
[  3.677671] CPU 01| <5> Command: gen_workload --avg-msg-size 50000 --data-dist zipf 3.60 --log
[  3.766711] CPU 01| <5> shuffle matrix:
[  3.766715] CPU 01| <5>  Rank:     0     1     2     3     4     5     6     7     8     9   M/m
[  3.766720] CPU 01| <5>      0  0.70  0.34     0     0     0     0     0     0     0  8.96   inf
[  3.766722] CPU 01| <5>      1  1.02     0     0     0     0     0     0     0  7.94  1.04   inf
[  3.766725] CPU 01| <5>      2  1.02     0     0     0     0     0     0  6.92  2.06     0   inf
[  3.766727] CPU 01| <5>      3  1.02     0     0     0     0     0  5.90  3.08     0     0   inf
[  3.766730] CPU 01| <5>      4  1.04     0     0     0     0  4.87  4.10     0     0     0   inf
[  3.766732] CPU 01| <5>      5  1.04     0     0     0  3.82  5.13     0     0     0     0   inf
[  3.766734] CPU 01| <5>      6  1.03     0     0  2.79  6.18     0     0     0     0     0   inf
[  3.766737] CPU 01| <5>      7  1.05     0  1.74  7.21     0     0     0     0     0     0   inf
[  3.766739] CPU 01| <5>      8  1.03  0.71  8.26     0     0     0     0     0     0     0   inf
[  3.766741] CPU 01| <5>      9  1.05  8.95     0     0     0     0     0     0     0     0   inf
[  3.766743] CPU 01| <5>    M/m  1.51   inf   inf   inf   inf   inf   inf   inf   inf   inf
[  3.766744] CPU 01| <5> total TX bytes 500000, total RX bytes 500000, avg. message size 50000
[  3.766753] CPU 01| <5>              Rank:     0     1     2     3     4     5     6     7     8     9 Max/Min
[  3.766766] CPU 01| <5> Outbound messages:  0.70  0.34  0.00  0.00  0.00  0.00  0.00  0.00  0.00  8.96     inf
[  3.766767] CPU 01| <5>  Inbound messages:  0.70  1.02  1.02  1.02  1.04  1.04  1.03  1.05  1.03  1.05    1.51
[  3.778039] CPU 01| <5> Command: gen_workload --avg-msg-size 50000 --data-dist zipf 3.80 --log
[  3.866211] CPU 01| <5> shuffle matrix:
[  3.866215] CPU 01| <5>  Rank:     0     1     2     3     4     5     6     7     8     9   M/m
[  3.866219] CPU 01| <5>      0  0.89     0     0     0     0     0     0     0     0  9.11   inf
[  3.866222] CPU 01| <5>      1  0.88     0     0     0     0     0     0     0  8.23  0.89   inf
[  3.866225] CPU 01| <5>      2  0.87     0     0     0     0     0     0  7.36  1.76     0   inf
[  3.866227] CPU 01| <5>      3  0.87     0     0     0     0     0  6.49  2.64     0     0   inf
[  3.866230] CPU 01| <5>      4  0.88     0     0     0     0  5.61  3.51     0     0     0   inf
[  3.866232] CPU 01| <5>      5  0.90     0     0     0  4.71  4.39     0     0     0     0   inf
[  3.866234] CPU 01| <5>      6  0.88     0     0  3.82  5.29     0     0     0     0     0   inf
[  3.866237] CPU 01| <5>      7  0.89     0  2.94  6.18     0     0     0     0     0     0   inf
[  3.866239] CPU 01| <5>      8  0.88  2.06  7.06     0     0     0     0     0     0     0   inf
[  3.866241] CPU 01| <5>      9  2.06  7.94     0     0     0     0     0     0     0     0   inf
[  3.866243] CPU 01| <5>    M/m  2.35   inf   inf   inf   inf   inf   inf   inf   inf   inf
[  3.866244] CPU 01| <5> total TX bytes 500000, total RX bytes 500000, avg. message size 50000
[  3.866253] CPU 01| <5>              Rank:     0     1     2     3     4     5     6     7     8     9 Max/Min
[  3.866254] CPU 01| <5> Outbound messages:  0.89  0.00  0.00  0.00  0.00  0.00  0.00  0.00  0.00  9.11     inf
[  3.866254] CPU 01| <5>  Inbound messages:  0.89  0.88  0.87  0.87  0.88  0.90  0.88  0.89  0.88  2.06    2.35
[  3.878406] CPU 01| <5> Command: gen_workload --avg-msg-size 50000 --data-dist zipf 4.00 --log
[  3.965317] CPU 01| <5> shuffle matrix:
[  3.965321] CPU 01| <5>  Rank:     0     1     2     3     4     5     6     7     8     9   M/m
[  3.965325] CPU 01| <5>      0  0.75     0     0     0     0     0     0     0     0  9.25   inf
[  3.965328] CPU 01| <5>      1  0.75     0     0     0     0     0     0     0  8.50  0.75   inf
[  3.965331] CPU 01| <5>      2  0.76     0     0     0     0     0     0  7.74  1.50     0   inf
[  3.965333] CPU 01| <5>      3  0.75     0     0     0     0     0  6.99  2.26     0     0   inf
[  3.965336] CPU 01| <5>      4  0.76     0     0     0     0  6.23  3.01     0     0     0   inf
[  3.965338] CPU 01| <5>      5  0.76     0     0     0  5.47  3.77     0     0     0     0   inf
[  3.965340] CPU 01| <5>      6  0.76     0     0  4.70  4.53     0     0     0     0     0   inf
[  3.965343] CPU 01| <5>      7  0.76     0  3.94  5.30     0     0     0     0     0     0   inf
[  3.965345] CPU 01| <5>      8  0.75  3.19  6.06     0     0     0     0     0     0     0   inf
[  3.965347] CPU 01| <5>      9  3.19  6.81     0     0     0     0     0     0     0     0   inf
[  3.965349] CPU 01| <5>    M/m  4.27   inf   inf   inf   inf   inf   inf   inf   inf   inf
[  3.965350] CPU 01| <5> total TX bytes 500000, total RX bytes 500000, avg. message size 50000
[  3.965360] CPU 01| <5>              Rank:     0     1     2     3     4     5     6     7     8     9 Max/Min
[  3.965360] CPU 01| <5> Outbound messages:  0.75  0.00  0.00  0.00  0.00  0.00  0.00  0.00  0.00  9.25     inf
[  3.965361] CPU 01| <5>  Inbound messages:  0.75  0.75  0.76  0.75  0.76  0.76  0.76  0.76  0.75  3.19    4.27
[  3.978798] CPU 01| <5> Command: gen_workload --avg-msg-size 50000 --data-dist norm 100.00 --log
[  4.088039] CPU 01| <5> shuffle matrix:
[  4.088043] CPU 01| <5>  Rank:     0     1     2     3     4     5     6     7     8     9   M/m
[  4.088048] CPU 01| <5>      0  0.97  1.02  1.02  0.97  0.98  1.02  0.99  0.97  1.01  1.03  1.06
[  4.088064] CPU 01| <5>      1  0.99  0.99  0.98  1.00  0.99  1.06  0.99  1.01  0.97  1.02  1.09
[  4.088068] CPU 01| <5>      2  1.02  0.99  0.98  0.99  1.01  1.00  0.98  1.03  1.00  1.00  1.05
[  4.088071] CPU 01| <5>      3  0.97  0.99  0.99  1.02  1.03  0.97  0.99  1.01  1.01  1.01  1.06
[  4.088075] CPU 01| <5>      4  1.01  0.96  1.02  0.98  1.05  0.99  1.01  1.00  1.00  0.99  1.09
[  4.088078] CPU 01| <5>      5  1.01  1.01  1.01  1.00  1.02  0.98  1.00  1.00  0.98  0.99  1.04
[  4.088082] CPU 01| <5>      6  1.00  1.01  0.95  1.02  1.01  0.99  1.00  1.00  1.02  1.00  1.07
[  4.088085] CPU 01| <5>      7  1.01  1.00  1.02  1.03  0.97  0.99  1.01  0.99  1.02  0.97  1.07
[  4.088089] CPU 01| <5>      8  1.00  1.03  1.01  0.99  0.98  0.99  1.03  0.98  1.00  0.99  1.06
[  4.088092] CPU 01| <5>      9  1.02  1.00  1.03  0.99  0.98  1.01  1.00  0.99  0.98  1.00  1.05
[  4.088095] CPU 01| <5>    M/m  1.05  1.08  1.08  1.06  1.08  1.09  1.05  1.06  1.06  1.07
[  4.088096] CPU 01| <5> total TX bytes 500000, total RX bytes 500000, avg. message size 50000
[  4.088105] CPU 01| <5>              Rank:     0     1     2     3     4     5     6     7     8     9 Max/Min
[  4.088106] CPU 01| <5> Outbound messages:  0.97  1.02  1.02  0.97  0.98  1.02  0.99  0.97  1.01  1.03    1.06
[  4.088107] CPU 01| <5>  Inbound messages:  0.97  0.99  1.02  0.97  1.01  1.01  1.00  1.01  1.00  1.02    1.05
[  4.179349] CPU 01| <5> Command: gen_workload --avg-msg-size 50000 --data-dist norm 22.36 --log
[  4.286373] CPU 01| <5> shuffle matrix:
[  4.286377] CPU 01| <5>  Rank:     0     1     2     3     4     5     6     7     8     9   M/m
[  4.286383] CPU 01| <5>      0  0.92  1.00  0.97  0.97  1.04  1.06  0.98  0.99  1.03  1.03  1.15
[  4.286387] CPU 01| <5>      1  1.01  0.90  0.98  1.10  0.90  1.09  0.99  1.01  0.99  1.03  1.23
[  4.286390] CPU 01| <5>      2  1.03  0.91  1.08  0.99  0.87  1.07  0.98  1.01  1.03  1.02  1.24
[  4.286393] CPU 01| <5>      3  0.98  1.02  0.99  1.01  0.89  1.04  0.99  1.00  1.04  1.03  1.17
[  4.286397] CPU 01| <5>      4  1.01  1.01  1.01  0.97  1.01  0.95  1.00  0.99  1.04  1.01  1.09
[  4.286400] CPU 01| <5>      5  1.01  1.05  1.01  0.99  1.07  0.87  1.00  0.99  1.01  1.00  1.22
[  4.286403] CPU 01| <5>      6  1.00  1.03  0.96  0.98  1.08  0.89  1.00  1.07  0.98  1.02  1.21
[  4.286407] CPU 01| <5>      7  1.01  1.02  1.01  1.02  1.04  0.93  1.09  0.99  0.92  0.98  1.18
[  4.286410] CPU 01| <5>      8  1.01  1.05  0.99  0.99  1.05  1.04  1.00  0.96  0.99  0.93  1.13
[  4.286414] CPU 01| <5>      9  1.02  1.02  1.01  0.98  1.06  1.04  0.98  0.99  0.96  0.94  1.13
[  4.286417] CPU 01| <5>    M/m  1.12  1.17  1.12  1.13  1.24  1.25  1.11  1.11  1.13  1.11
[  4.286417] CPU 01| <5> total TX bytes 500000, total RX bytes 500000, avg. message size 50000
[  4.286427] CPU 01| <5>              Rank:     0     1     2     3     4     5     6     7     8     9 Max/Min
[  4.286427] CPU 01| <5> Outbound messages:  0.92  1.00  0.97  0.97  1.04  1.06  0.98  0.99  1.03  1.03    1.15
[  4.286428] CPU 01| <5>  Inbound messages:  0.92  1.01  1.03  0.98  1.01  1.01  1.00  1.01  1.01  1.02    1.12
[  4.379946] CPU 01| <5> Command: gen_workload --avg-msg-size 50000 --data-dist norm 10.00 --log
[  4.490842] CPU 01| <5> shuffle matrix:
[  4.490846] CPU 01| <5>  Rank:     0     1     2     3     4     5     6     7     8     9   M/m
[  4.490851] CPU 01| <5>      0  0.86  1.12  0.94  1.06  0.81  1.18  0.74  1.10  1.10  1.08  1.59
[  4.490855] CPU 01| <5>      1  0.89  1.08  0.91  1.10  0.80  1.21  0.75  1.29  0.88  1.08  1.73
[  4.490858] CPU 01| <5>      2  0.90  1.10  0.91  1.09  0.78  1.19  0.99  1.05  0.93  1.06  1.52
[  4.490862] CPU 01| <5>      3  1.03  0.92  0.92  1.12  0.79  1.17  1.10  0.94  0.94  1.07  1.49
[  4.490865] CPU 01| <5>      4  1.05  0.90  0.95  1.08  0.90  1.10  1.11  0.92  0.93  1.05  1.24
[  4.490869] CPU 01| <5>      5  1.06  0.94  0.94  1.10  1.20  0.78  1.11  0.93  0.90  1.05  1.54
[  4.490872] CPU 01| <5>      6  1.05  0.91  0.91  1.08  1.20  0.80  1.11  0.93  1.04  0.97  1.50
[  4.490907] CPU 01| <5>      7  1.05  0.92  1.19  0.88  1.17  0.78  1.11  0.94  1.10  0.87  1.52
[  4.490910] CPU 01| <5>      8  1.05  0.94  1.28  0.74  1.17  0.79  1.12  0.94  1.10  0.88  1.73
[  4.490913] CPU 01| <5>      9  1.06  1.18  1.04  0.74  1.18  1.00  0.87  0.96  1.07  0.89  1.59
[  4.490916] CPU 01| <5>    M/m  1.23  1.32  1.41  1.51  1.53  1.56  1.50  1.40  1.25  1.24
[  4.490917] CPU 01| <5> total TX bytes 500000, total RX bytes 500000, avg. message size 50000
[  4.490926] CPU 01| <5>              Rank:     0     1     2     3     4     5     6     7     8     9 Max/Min
[  4.490927] CPU 01| <5> Outbound messages:  0.86  1.12  0.94  1.06  0.81  1.18  0.74  1.10  1.10  1.08    1.59
[  4.490928] CPU 01| <5>  Inbound messages:  0.86  0.89  0.90  1.03  1.05  1.06  1.05  1.05  1.05  1.06    1.23
[  4.580521] CPU 01| <5> Command: gen_workload --avg-msg-size 50000 --data-dist norm 3.16 --log
[  4.685120] CPU 01| <5> shuffle matrix:
[  4.685124] CPU 01| <5>  Rank:     0     1     2     3     4     5     6     7     8     9   M/m
[  4.685130] CPU 01| <5>      0  0.75  0.58  0.81  1.05  1.18  1.24  1.20  1.02  0.81  1.35  2.34
[  4.685134] CPU 01| <5>      1  0.78  0.76  0.98  0.62  1.21  1.28  1.21  1.04  0.79  1.35  2.19
[  4.685137] CPU 01| <5>      2  0.79  1.37  1.00     0  1.21  1.24  1.19  1.04  0.81  1.35   inf
[  4.685142] CPU 01| <5>      3  0.75  1.37  1.03  1.19  0.02  1.25  1.19  1.03  0.82  1.35 84.37
[  4.685146] CPU 01| <5>      4  0.77  1.36  1.04  1.18  0.11  1.17  1.19  1.03  1.39  0.76 12.88
[  4.685149] CPU 01| <5>      5  0.82  1.35  1.04  1.20  1.27     0  1.18  1.03  1.35  0.77   inf
[  4.685152] CPU 01| <5>      6  1.33  0.79  1.00  1.19  1.27  0.23  0.98  1.02  1.40  0.78  6.20
[  4.685156] CPU 01| <5>      7  1.32  0.80  1.05  1.21  1.26  1.19     0  1.03  1.40  0.75   inf
[  4.685159] CPU 01| <5>      8  1.34  0.82  1.02  1.18  1.24  1.21  0.81  0.94  0.68  0.76  1.98
[  4.685162] CPU 01| <5>      9  1.35  0.80  1.05  1.19  1.24  1.20  1.05  0.80  0.56  0.77  2.40
[  4.685166] CPU 01| <5>    M/m  1.79  2.37  1.30   inf 78.63   inf   inf  1.30  2.49  1.80
[  4.685166] CPU 01| <5> total TX bytes 500000, total RX bytes 500000, avg. message size 50000
[  4.685176] CPU 01| <5>              Rank:     0     1     2     3     4     5     6     7     8     9 Max/Min
[  4.685177] CPU 01| <5> Outbound messages:  0.75  0.58  0.81  1.05  1.18  1.24  1.20  1.02  0.81  1.35    2.34
[  4.685177] CPU 01| <5>  Inbound messages:  0.75  0.78  0.79  0.75  0.77  0.82  1.33  1.32  1.34  1.35    1.79
[  4.781059] CPU 01| <5> Command: gen_workload --avg-msg-size 50000 --data-dist norm 1.00 --log
[  4.879919] CPU 01| <5> shuffle matrix:
[  4.879924] CPU 01| <5>  Rank:     0     1     2     3     4     5     6     7     8     9   M/m
[  4.879929] CPU 01| <5>      0  0.65     0  1.69  0.77     0     0  3.79     0     0  3.11   inf
[  4.879932] CPU 01| <5>      1  0.67     0  2.37     0     0     0  3.87     0  1.52  1.57   inf
[  4.879935] CPU 01| <5>      2  0.68     0  2.38     0     0  2.44  1.38     0  2.44  0.68   inf
[  4.879938] CPU 01| <5>      3  0.66     0  2.39     0     0  3.83     0     0  2.45  0.68   inf
[  4.879941] CPU 01| <5>      4  0.67  1.25  1.16     0  0.10  3.73     0     0  2.43  0.66   inf
[  4.879944] CPU 01| <5>      5  0.68  2.45     0     0  3.83     0     0  1.22  1.16  0.67   inf
[  4.879947] CPU 01| <5>      6  0.66  2.38     0     0  3.85     0     0  2.44     0  0.68   inf
[  4.879949] CPU 01| <5>      7  0.66  2.41     0  1.61  2.22     0     0  2.43     0  0.65   inf
[  4.879952] CPU 01| <5>      8  1.58  1.51     0  3.81     0     0     0  2.44     0  0.66   inf
[  4.879955] CPU 01| <5>      9  3.10     0     0  3.81     0     0  0.96  1.47     0  0.66   inf
[  4.879957] CPU 01| <5>    M/m  4.79   inf   inf   inf   inf   inf   inf   inf   inf  4.78
[  4.879958] CPU 01| <5> total TX bytes 500000, total RX bytes 500000, avg. message size 50000
[  4.879967] CPU 01| <5>              Rank:     0     1     2     3     4     5     6     7     8     9 Max/Min
[  4.879968] CPU 01| <5> Outbound messages:  0.65  0.00  1.69  0.77  0.00  0.00  3.79  0.00  0.00  3.11     inf
[  4.879983] CPU 01| <5>  Inbound messages:  0.65  0.67  0.68  0.66  0.67  0.68  0.66  0.66  1.58  3.10    4.79
[  4.881454] CPU 01| <5> Command: gen_workload --avg-msg-size 50000 --data-dist norm 0.71 --log
[  4.977979] CPU 01| <5> shuffle matrix:
[  4.977983] CPU 01| <5>  Rank:     0     1     2     3     4     5     6     7     8     9   M/m
[  4.977987] CPU 01| <5>      0  0.16     0  2.24     0     0     0     0  5.16     0  2.44   inf
[  4.977990] CPU 01| <5>      1  0.17  0.44  1.76     0     0     0  4.55  0.67     0  2.41   inf
[  4.977993] CPU 01| <5>      2  0.17  2.25     0     0     0     0  5.15     0     0  2.43   inf
[  4.977996] CPU 01| <5>      3  0.17  2.20     0     0     0  4.88  0.30     0  0.76  1.69   inf
[  4.977999] CPU 01| <5>      4  0.18  2.21     0     0  0.08  5.12     0     0  2.25  0.16   inf
[  4.978002] CPU 01| <5>      5  0.18  2.26     0     0  5.18     0     0     0  2.20  0.18   inf
[  4.978005] CPU 01| <5>      6  1.74  0.64     0  0.44  4.74     0     0     0  2.26  0.17   inf
[  4.978008] CPU 01| <5>      7  2.40     0     0  5.19     0     0     0     0  2.24  0.18   inf
[  4.978010] CPU 01| <5>      8  2.42     0  0.82  4.36     0     0     0  1.94  0.29  0.18   inf
[  4.978013] CPU 01| <5>      9  2.41     0  5.18     0     0     0     0  2.24     0  0.17   inf
[  4.978016] CPU 01| <5>    M/m 14.66   inf   inf   inf   inf   inf   inf   inf   inf 14.87
[  4.978017] CPU 01| <5> total TX bytes 500000, total RX bytes 500000, avg. message size 50000
[  4.978027] CPU 01| <5>              Rank:     0     1     2     3     4     5     6     7     8     9 Max/Min
[  4.978027] CPU 01| <5> Outbound messages:  0.16  0.00  2.24  0.00  0.00  0.00  0.00  5.16  0.00  2.44     inf
[  4.978028] CPU 01| <5>  Inbound messages:  0.16  0.17  0.17  0.17  0.18  0.18  1.74  2.40  2.42  2.41   14.66
[  4.981822] CPU 01| <5> Command: gen_workload --avg-msg-size 50000 --data-dist norm 0.32 --log
[  5.054537] CPU 01| <5> shuffle matrix:
[  5.054541] CPU 01| <5>  Rank:     0     1     2     3     4     5     6     7     8     9   M/m
[  5.054545] CPU 01| <5>      0  0.57     0     0     0     0     0     0     0  4.77  4.66   inf
[  5.054548] CPU 01| <5>      1  0.59     0     0     0     0     0     0  3.57  5.23  0.61   inf
[  5.054551] CPU 01| <5>      2  0.60     0     0     0     0     0  2.37  6.43     0  0.60   inf
[  5.054553] CPU 01| <5>      3  0.58     0     0     0     0  1.18  7.63     0     0  0.60   inf
[  5.054556] CPU 01| <5>      4  0.59     0     0     0  0.01  8.82     0     0     0  0.59   inf
[  5.054559] CPU 01| <5>      5  0.60     0     0     0  8.80     0     0     0     0  0.60   inf
[  5.054561] CPU 01| <5>      6  0.59     0     0  7.63  1.19     0     0     0     0  0.60   inf
[  5.054564] CPU 01| <5>      7  0.59     0  6.45  2.37     0     0     0     0     0  0.58   inf
[  5.054567] CPU 01| <5>      8  0.58  5.29  3.55     0     0     0     0     0     0  0.58   inf
[  5.054569] CPU 01| <5>      9  4.71  4.71     0     0     0     0     0     0     0  0.58   inf
[  5.054571] CPU 01| <5>    M/m  8.23   inf   inf   inf   inf   inf   inf   inf   inf  8.09
[  5.054572] CPU 01| <5> total TX bytes 500000, total RX bytes 500000, avg. message size 50000
[  5.054581] CPU 01| <5>              Rank:     0     1     2     3     4     5     6     7     8     9 Max/Min
[  5.054582] CPU 01| <5> Outbound messages:  0.57  0.00  0.00  0.00  0.00  0.00  0.00  0.00  4.77  4.66     inf
[  5.054583] CPU 01| <5>  Inbound messages:  0.57  0.59  0.60  0.58  0.59  0.60  0.59  0.59  0.58  4.71    8.23
[  5.082219] CPU 01| <5> Command: exit
[  5.082221] CPU 01| <5> shuffle_node exiting (exit command)
